<?xml version="1.0" encoding="UTF-8"?>
<testsuite name="com.simplypost.logistic.features.web.adminPortal.login.LoginFeatures" time="14.077" tests="1" errors="0" skipped="0" failures="0">
  <properties>
    <property name="java.runtime.name" value="Java(TM) SE Runtime Environment"/>
    <property name="sun.boot.library.path" value="/Library/Java/JavaVirtualMachines/jdk1.8.0_144.jdk/Contents/Home/jre/lib"/>
    <property name="java.vm.version" value="25.144-b01"/>
    <property name="user.country.format" value="SG"/>
    <property name="gopherProxySet" value="false"/>
    <property name="java.vm.vendor" value="Oracle Corporation"/>
    <property name="maven.multiModuleProjectDirectory" value="/Users/simplypostuser/Documents/Automation/Simplypost/logistic"/>
    <property name="java.vendor.url" value="http://java.oracle.com/"/>
    <property name="path.separator" value=":"/>
    <property name="guice.disable.misplaced.annotation.check" value="true"/>
    <property name="java.vm.name" value="Java HotSpot(TM) 64-Bit Server VM"/>
    <property name="file.encoding.pkg" value="sun.io"/>
    <property name="user.country" value="US"/>
    <property name="sun.java.launcher" value="SUN_STANDARD"/>
    <property name="sun.os.patch.level" value="unknown"/>
    <property name="java.vm.specification.name" value="Java Virtual Machine Specification"/>
    <property name="user.dir" value="/Users/simplypostuser/Documents/Automation/Simplypost/logistic"/>
    <property name="java.runtime.version" value="1.8.0_144-b01"/>
    <property name="java.awt.graphicsenv" value="sun.awt.CGraphicsEnvironment"/>
    <property name="basedir" value="/Users/simplypostuser/Documents/Automation/Simplypost/logistic"/>
    <property name="java.endorsed.dirs" value="/Library/Java/JavaVirtualMachines/jdk1.8.0_144.jdk/Contents/Home/jre/lib/endorsed"/>
    <property name="os.arch" value="x86_64"/>
    <property name="java.io.tmpdir" value="/var/folders/ql/jtj9rtkn4x35h0q14glnsjj40000gn/T/"/>
    <property name="line.separator" value="&#10;"/>
    <property name="java.vm.specification.vendor" value="Oracle Corporation"/>
    <property name="os.name" value="Mac OS X"/>
    <property name="classworlds.conf" value="/Users/simplypostuser/Documents/Automation/Setup/apache-maven-3.5.2/bin/m2.conf"/>
    <property name="sun.jnu.encoding" value="UTF-8"/>
    <property name="java.library.path" value="/Users/simplypostuser/Library/Java/Extensions:/Library/Java/Extensions:/Network/Library/Java/Extensions:/System/Library/Java/Extensions:/usr/lib/java:."/>
    <property name="surefire.test.class.path" value="/Users/simplypostuser/Documents/Automation/Simplypost/logistic/target/test-classes:/Users/simplypostuser/Documents/Automation/Simplypost/logistic/target/classes:/Users/simplypostuser/.m2/repository/net/serenity-bdd/serenity-screenplay/1.5.0-rc.1/serenity-screenplay-1.5.0-rc.1.jar:/Users/simplypostuser/.m2/repository/com/google/inject/guice/3.0/guice-3.0.jar:/Users/simplypostuser/.m2/repository/javax/inject/javax.inject/1/javax.inject-1.jar:/Users/simplypostuser/.m2/repository/aopalliance/aopalliance/1.0/aopalliance-1.0.jar:/Users/simplypostuser/.m2/repository/cglib/cglib/3.1/cglib-3.1.jar:/Users/simplypostuser/.m2/repository/org/ow2/asm/asm/5.0.3/asm-5.0.3.jar:/Users/simplypostuser/.m2/repository/commons-codec/commons-codec/1.10/commons-codec-1.10.jar:/Users/simplypostuser/.m2/repository/org/objenesis/objenesis/2.1/objenesis-2.1.jar:/Users/simplypostuser/.m2/repository/org/slf4j/slf4j-api/1.7.21/slf4j-api-1.7.21.jar:/Users/simplypostuser/.m2/repository/info/cukes/cucumber-core/1.2.5/cucumber-core-1.2.5.jar:/Users/simplypostuser/.m2/repository/info/cukes/cucumber-html/0.2.3/cucumber-html-0.2.3.jar:/Users/simplypostuser/.m2/repository/info/cukes/cucumber-jvm-deps/1.0.5/cucumber-jvm-deps-1.0.5.jar:/Users/simplypostuser/.m2/repository/info/cukes/gherkin/2.12.2/gherkin-2.12.2.jar:/Users/simplypostuser/.m2/repository/commons-logging/commons-logging/1.2/commons-logging-1.2.jar:/Users/simplypostuser/.m2/repository/net/bytebuddy/byte-buddy/1.6.12/byte-buddy-1.6.12.jar:/Users/simplypostuser/.m2/repository/org/seleniumhq/selenium/selenium-api/3.6.0/selenium-api-3.6.0.jar:/Users/simplypostuser/.m2/repository/org/seleniumhq/selenium/selenium-firefox-driver/3.6.0/selenium-firefox-driver-3.6.0.jar:/Users/simplypostuser/.m2/repository/org/seleniumhq/selenium/selenium-remote-driver/3.6.0/selenium-remote-driver-3.6.0.jar:/Users/simplypostuser/.m2/repository/org/apache/commons/commons-exec/1.3/commons-exec-1.3.jar:/Users/simplypostuser/.m2/repository/com/google/code/gson/gson/2.8.0/gson-2.8.0.jar:/Users/simplypostuser/.m2/repository/org/apache/httpcomponents/httpclient/4.5.3/httpclient-4.5.3.jar:/Users/simplypostuser/.m2/repository/org/apache/httpcomponents/httpcore/4.4.6/httpcore-4.4.6.jar:/Users/simplypostuser/.m2/repository/net/java/dev/jna/jna/4.1.0/jna-4.1.0.jar:/Users/simplypostuser/.m2/repository/net/java/dev/jna/jna-platform/4.1.0/jna-platform-4.1.0.jar:/Users/simplypostuser/.m2/repository/net/serenity-bdd/serenity-core/1.9.31/serenity-core-1.9.31.jar:/Users/simplypostuser/.m2/repository/io/cucumber/cucumber-core/2.4.0/cucumber-core-2.4.0.jar:/Users/simplypostuser/.m2/repository/io/cucumber/cucumber-jvm-deps/1.0.6/cucumber-jvm-deps-1.0.6.jar:/Users/simplypostuser/.m2/repository/io/cucumber/gherkin/5.0.0/gherkin-5.0.0.jar:/Users/simplypostuser/.m2/repository/io/cucumber/tag-expressions/1.1.1/tag-expressions-1.1.1.jar:/Users/simplypostuser/.m2/repository/io/vavr/vavr/0.9.0/vavr-0.9.0.jar:/Users/simplypostuser/.m2/repository/io/vavr/vavr-match/0.9.0/vavr-match-0.9.0.jar:/Users/simplypostuser/.m2/repository/net/serenity-bdd/serenity-report-resources/1.9.31/serenity-report-resources-1.9.31.jar:/Users/simplypostuser/.m2/repository/net/serenity-bdd/serenity-model/1.9.31/serenity-model-1.9.31.jar:/Users/simplypostuser/.m2/repository/commons-net/commons-net/3.6/commons-net-3.6.jar:/Users/simplypostuser/.m2/repository/net/serenity-bdd/serenity-reports/1.9.31/serenity-reports-1.9.31.jar:/Users/simplypostuser/.m2/repository/commons-io/commons-io/2.6/commons-io-2.6.jar:/Users/simplypostuser/.m2/repository/org/seleniumhq/selenium/selenium-server/3.13.0/selenium-server-3.13.0.jar:/Users/simplypostuser/.m2/repository/org/seleniumhq/selenium/selenium-ie-driver/3.13.0/selenium-ie-driver-3.13.0.jar:/Users/simplypostuser/.m2/repository/com/beust/jcommander/1.72/jcommander-1.72.jar:/Users/simplypostuser/.m2/repository/org/apache/commons/commons-text/1.1/commons-text-1.1.jar:/Users/simplypostuser/.m2/repository/net/sourceforge/htmlunit/htmlunit-core-js/2.28/htmlunit-core-js-2.28.jar:/Users/simplypostuser/.m2/repository/net/sourceforge/htmlunit/htmlunit-cssparser/1.0.0/htmlunit-cssparser-1.0.0.jar:/Users/simplypostuser/.m2/repository/net/jcip/jcip-annotations/1.0/jcip-annotations-1.0.jar:/Users/simplypostuser/.m2/repository/org/seleniumhq/selenium/jetty-repacked/9.4.7.v20171121/jetty-repacked-9.4.7.v20171121.jar:/Users/simplypostuser/.m2/repository/org/eclipse/jetty/jetty-client/9.4.7.v20170914/jetty-client-9.4.7.v20170914.jar:/Users/simplypostuser/.m2/repository/org/eclipse/jetty/jetty-http/9.4.8.v20171121/jetty-http-9.4.8.v20171121.jar:/Users/simplypostuser/.m2/repository/org/eclipse/jetty/jetty-xml/9.4.7.v20170914/jetty-xml-9.4.7.v20170914.jar:/Users/simplypostuser/.m2/repository/com/squareup/okhttp3/okhttp/3.10.0/okhttp-3.10.0.jar:/Users/simplypostuser/.m2/repository/com/squareup/okio/okio/1.14.1/okio-1.14.1.jar:/Users/simplypostuser/.m2/repository/javax/servlet/javax.servlet-api/3.1.0/javax.servlet-api-3.1.0.jar:/Users/simplypostuser/.m2/repository/org/eclipse/jetty/websocket/websocket-api/9.4.7.v20170914/websocket-api-9.4.7.v20170914.jar:/Users/simplypostuser/.m2/repository/org/eclipse/jetty/websocket/websocket-client/9.4.7.v20170914/websocket-client-9.4.7.v20170914.jar:/Users/simplypostuser/.m2/repository/org/eclipse/jetty/websocket/websocket-common/9.4.7.v20170914/websocket-common-9.4.7.v20170914.jar:/Users/simplypostuser/.m2/repository/xerces/xercesImpl/2.11.0/xercesImpl-2.11.0.jar:/Users/simplypostuser/.m2/repository/org/yaml/snakeyaml/1.19/snakeyaml-1.19.jar:/Users/simplypostuser/.m2/repository/org/seleniumhq/selenium/selenium-java/3.13.0/selenium-java-3.13.0.jar:/Users/simplypostuser/.m2/repository/org/seleniumhq/selenium/selenium-chrome-driver/3.13.0/selenium-chrome-driver-3.13.0.jar:/Users/simplypostuser/.m2/repository/org/seleniumhq/selenium/selenium-edge-driver/3.13.0/selenium-edge-driver-3.13.0.jar:/Users/simplypostuser/.m2/repository/org/seleniumhq/selenium/selenium-safari-driver/3.13.0/selenium-safari-driver-3.13.0.jar:/Users/simplypostuser/.m2/repository/org/seleniumhq/selenium/selenium-opera-driver/3.13.0/selenium-opera-driver-3.13.0.jar:/Users/simplypostuser/.m2/repository/org/seleniumhq/selenium/selenium-support/3.13.0/selenium-support-3.13.0.jar:/Users/simplypostuser/.m2/repository/com/paulhammant/ngwebdriver/1.1.3/ngwebdriver-1.1.3.jar:/Users/simplypostuser/.m2/repository/com/codeborne/phantomjsdriver/1.4.4/phantomjsdriver-1.4.4.jar:/Users/simplypostuser/.m2/repository/org/eclipse/jetty/jetty-util/9.4.8.v20171121/jetty-util-9.4.8.v20171121.jar:/Users/simplypostuser/.m2/repository/org/eclipse/jetty/jetty-io/9.4.8.v20171121/jetty-io-9.4.8.v20171121.jar:/Users/simplypostuser/.m2/repository/org/seleniumhq/selenium/htmlunit-driver/2.30.0/htmlunit-driver-2.30.0.jar:/Users/simplypostuser/.m2/repository/net/sourceforge/htmlunit/htmlunit/2.30/htmlunit-2.30.jar:/Users/simplypostuser/.m2/repository/net/sourceforge/htmlunit/neko-htmlunit/2.30/neko-htmlunit-2.30.jar:/Users/simplypostuser/.m2/repository/io/appium/java-client/6.0.0-BETA5/java-client-6.0.0-BETA5.jar:/Users/simplypostuser/.m2/repository/commons-validator/commons-validator/1.6/commons-validator-1.6.jar:/Users/simplypostuser/.m2/repository/commons-beanutils/commons-beanutils/1.9.2/commons-beanutils-1.9.2.jar:/Users/simplypostuser/.m2/repository/commons-digester/commons-digester/1.8.1/commons-digester-1.8.1.jar:/Users/simplypostuser/.m2/repository/org/springframework/spring-context/5.0.3.RELEASE/spring-context-5.0.3.RELEASE.jar:/Users/simplypostuser/.m2/repository/org/springframework/spring-aop/5.0.3.RELEASE/spring-aop-5.0.3.RELEASE.jar:/Users/simplypostuser/.m2/repository/org/springframework/spring-beans/5.0.3.RELEASE/spring-beans-5.0.3.RELEASE.jar:/Users/simplypostuser/.m2/repository/org/springframework/spring-core/5.0.3.RELEASE/spring-core-5.0.3.RELEASE.jar:/Users/simplypostuser/.m2/repository/org/springframework/spring-jcl/5.0.3.RELEASE/spring-jcl-5.0.3.RELEASE.jar:/Users/simplypostuser/.m2/repository/org/springframework/spring-expression/5.0.3.RELEASE/spring-expression-5.0.3.RELEASE.jar:/Users/simplypostuser/.m2/repository/org/aspectj/aspectjweaver/1.8.13/aspectjweaver-1.8.13.jar:/Users/simplypostuser/.m2/repository/org/openpnp/opencv/3.2.0-1/opencv-3.2.0-1.jar:/Users/simplypostuser/.m2/repository/javax/websocket/javax.websocket-api/1.1/javax.websocket-api-1.1.jar:/Users/simplypostuser/.m2/repository/org/glassfish/tyrus/tyrus-client/1.1/tyrus-client-1.1.jar:/Users/simplypostuser/.m2/repository/org/glassfish/tyrus/tyrus-core/1.1/tyrus-core-1.1.jar:/Users/simplypostuser/.m2/repository/org/glassfish/tyrus/tyrus-spi/1.1/tyrus-spi-1.1.jar:/Users/simplypostuser/.m2/repository/org/glassfish/tyrus/tyrus-websocket-core/1.1/tyrus-websocket-core-1.1.jar:/Users/simplypostuser/.m2/repository/org/glassfish/tyrus/tyrus-container-grizzly/1.1/tyrus-container-grizzly-1.1.jar:/Users/simplypostuser/.m2/repository/org/glassfish/grizzly/grizzly-framework/2.3.3/grizzly-framework-2.3.3.jar:/Users/simplypostuser/.m2/repository/org/glassfish/grizzly/grizzly-http-server/2.3.3/grizzly-http-server-2.3.3.jar:/Users/simplypostuser/.m2/repository/org/glassfish/grizzly/grizzly-http/2.3.3/grizzly-http-2.3.3.jar:/Users/simplypostuser/.m2/repository/org/glassfish/grizzly/grizzly-rcm/2.3.3/grizzly-rcm-2.3.3.jar:/Users/simplypostuser/.m2/repository/org/codehaus/groovy/groovy/2.4.12/groovy-2.4.12.jar:/Users/simplypostuser/.m2/repository/net/sf/opencsv/opencsv/2.0/opencsv-2.0.jar:/Users/simplypostuser/.m2/repository/commons-beanutils/commons-beanutils-core/1.8.3/commons-beanutils-core-1.8.3.jar:/Users/simplypostuser/.m2/repository/com/thoughtworks/xstream/xstream/1.4.9/xstream-1.4.9.jar:/Users/simplypostuser/.m2/repository/xmlpull/xmlpull/1.1.3.1/xmlpull-1.1.3.1.jar:/Users/simplypostuser/.m2/repository/xpp3/xpp3_min/1.1.4c/xpp3_min-1.1.4c.jar:/Users/simplypostuser/.m2/repository/org/apache/commons/commons-lang3/3.7/commons-lang3-3.7.jar:/Users/simplypostuser/.m2/repository/commons-collections/commons-collections/3.2.2/commons-collections-3.2.2.jar:/Users/simplypostuser/.m2/repository/org/freemarker/freemarker/2.3.23/freemarker-2.3.23.jar:/Users/simplypostuser/.m2/repository/org/hamcrest/hamcrest-core/1.3/hamcrest-core-1.3.jar:/Users/simplypostuser/.m2/repository/org/hamcrest/hamcrest-library/1.3/hamcrest-library-1.3.jar:/Users/simplypostuser/.m2/repository/org/apache/httpcomponents/httpmime/4.5.5/httpmime-4.5.5.jar:/Users/simplypostuser/.m2/repository/org/fluentlenium/fluentlenium-core/0.10.2/fluentlenium-core-0.10.2.jar:/Users/simplypostuser/.m2/repository/com/jhlabs/filters/2.0.235/filters-2.0.235.jar:/Users/simplypostuser/.m2/repository/org/asciidoctor/asciidoctorj/1.5.5/asciidoctorj-1.5.5.jar:/Users/simplypostuser/.m2/repository/org/jruby/jruby-complete/1.7.26/jruby-complete-1.7.26.jar:/Users/simplypostuser/.m2/repository/org/imgscalr/imgscalr-lib/4.2/imgscalr-lib-4.2.jar:/Users/simplypostuser/.m2/repository/javax/el/javax.el-api/2.2.4/javax.el-api-2.2.4.jar:/Users/simplypostuser/.m2/repository/org/glassfish/web/javax.el/2.2.4/javax.el-2.2.4.jar:/Users/simplypostuser/.m2/repository/xalan/xalan/2.7.2/xalan-2.7.2.jar:/Users/simplypostuser/.m2/repository/xalan/serializer/2.7.2/serializer-2.7.2.jar:/Users/simplypostuser/.m2/repository/org/awaitility/awaitility/3.1.0/awaitility-3.1.0.jar:/Users/simplypostuser/.m2/repository/com/typesafe/config/1.3.1/config-1.3.1.jar:/Users/simplypostuser/.m2/repository/org/jsoup/jsoup/1.10.3/jsoup-1.10.3.jar:/Users/simplypostuser/.m2/repository/com/google/jimfs/jimfs/1.1/jimfs-1.1.jar:/Users/simplypostuser/.m2/repository/es/nitaur/markdown/txtmark/0.16/txtmark-0.16.jar:/Users/simplypostuser/.m2/repository/com/vladsch/flexmark/flexmark-all/0.26.4/flexmark-all-0.26.4.jar:/Users/simplypostuser/.m2/repository/com/vladsch/flexmark/flexmark/0.26.4/flexmark-0.26.4.jar:/Users/simplypostuser/.m2/repository/com/vladsch/flexmark/flexmark-ext-abbreviation/0.26.4/flexmark-ext-abbreviation-0.26.4.jar:/Users/simplypostuser/.m2/repository/com/vladsch/flexmark/flexmark-ext-anchorlink/0.26.4/flexmark-ext-anchorlink-0.26.4.jar:/Users/simplypostuser/.m2/repository/com/vladsch/flexmark/flexmark-ext-aside/0.26.4/flexmark-ext-aside-0.26.4.jar:/Users/simplypostuser/.m2/repository/com/vladsch/flexmark/flexmark-ext-autolink/0.26.4/flexmark-ext-autolink-0.26.4.jar:/Users/simplypostuser/.m2/repository/org/nibor/autolink/autolink/0.6.0/autolink-0.6.0.jar:/Users/simplypostuser/.m2/repository/com/vladsch/flexmark/flexmark-ext-definition/0.26.4/flexmark-ext-definition-0.26.4.jar:/Users/simplypostuser/.m2/repository/com/vladsch/flexmark/flexmark-ext-emoji/0.26.4/flexmark-ext-emoji-0.26.4.jar:/Users/simplypostuser/.m2/repository/com/vladsch/flexmark/flexmark-ext-escaped-character/0.26.4/flexmark-ext-escaped-character-0.26.4.jar:/Users/simplypostuser/.m2/repository/com/vladsch/flexmark/flexmark-ext-footnotes/0.26.4/flexmark-ext-footnotes-0.26.4.jar:/Users/simplypostuser/.m2/repository/com/vladsch/flexmark/flexmark-ext-gfm-issues/0.26.4/flexmark-ext-gfm-issues-0.26.4.jar:/Users/simplypostuser/.m2/repository/com/vladsch/flexmark/flexmark-ext-gfm-strikethrough/0.26.4/flexmark-ext-gfm-strikethrough-0.26.4.jar:/Users/simplypostuser/.m2/repository/com/vladsch/flexmark/flexmark-ext-gfm-tables/0.26.4/flexmark-ext-gfm-tables-0.26.4.jar:/Users/simplypostuser/.m2/repository/com/vladsch/flexmark/flexmark-ext-gfm-tasklist/0.26.4/flexmark-ext-gfm-tasklist-0.26.4.jar:/Users/simplypostuser/.m2/repository/com/vladsch/flexmark/flexmark-ext-gfm-users/0.26.4/flexmark-ext-gfm-users-0.26.4.jar:/Users/simplypostuser/.m2/repository/com/vladsch/flexmark/flexmark-ext-jekyll-front-matter/0.26.4/flexmark-ext-jekyll-front-matter-0.26.4.jar:/Users/simplypostuser/.m2/repository/com/vladsch/flexmark/flexmark-ext-jekyll-tag/0.26.4/flexmark-ext-jekyll-tag-0.26.4.jar:/Users/simplypostuser/.m2/repository/com/vladsch/flexmark/flexmark-ext-ins/0.26.4/flexmark-ext-ins-0.26.4.jar:/Users/simplypostuser/.m2/repository/com/vladsch/flexmark/flexmark-ext-xwiki-macros/0.26.4/flexmark-ext-xwiki-macros-0.26.4.jar:/Users/simplypostuser/.m2/repository/com/vladsch/flexmark/flexmark-ext-superscript/0.26.4/flexmark-ext-superscript-0.26.4.jar:/Users/simplypostuser/.m2/repository/com/vladsch/flexmark/flexmark-ext-tables/0.26.4/flexmark-ext-tables-0.26.4.jar:/Users/simplypostuser/.m2/repository/com/vladsch/flexmark/flexmark-ext-toc/0.26.4/flexmark-ext-toc-0.26.4.jar:/Users/simplypostuser/.m2/repository/com/vladsch/flexmark/flexmark-ext-typographic/0.26.4/flexmark-ext-typographic-0.26.4.jar:/Users/simplypostuser/.m2/repository/com/vladsch/flexmark/flexmark-ext-wikilink/0.26.4/flexmark-ext-wikilink-0.26.4.jar:/Users/simplypostuser/.m2/repository/com/vladsch/flexmark/flexmark-ext-yaml-front-matter/0.26.4/flexmark-ext-yaml-front-matter-0.26.4.jar:/Users/simplypostuser/.m2/repository/com/vladsch/flexmark/flexmark-formatter/0.26.4/flexmark-formatter-0.26.4.jar:/Users/simplypostuser/.m2/repository/com/vladsch/flexmark/flexmark-html-parser/0.26.4/flexmark-html-parser-0.26.4.jar:/Users/simplypostuser/.m2/repository/com/vladsch/flexmark/flexmark-jira-converter/0.26.4/flexmark-jira-converter-0.26.4.jar:/Users/simplypostuser/.m2/repository/com/vladsch/flexmark/flexmark-pdf-converter/0.26.4/flexmark-pdf-converter-0.26.4.jar:/Users/simplypostuser/.m2/repository/com/openhtmltopdf/openhtmltopdf-core/0.0.1-RC9/openhtmltopdf-core-0.0.1-RC9.jar:/Users/simplypostuser/.m2/repository/com/openhtmltopdf/openhtmltopdf-pdfbox/0.0.1-RC9/openhtmltopdf-pdfbox-0.0.1-RC9.jar:/Users/simplypostuser/.m2/repository/com/openhtmltopdf/openhtmltopdf-rtl-support/0.0.1-RC9/openhtmltopdf-rtl-support-0.0.1-RC9.jar:/Users/simplypostuser/.m2/repository/com/ibm/icu/icu4j/58.1/icu4j-58.1.jar:/Users/simplypostuser/.m2/repository/com/openhtmltopdf/openhtmltopdf-jsoup-dom-converter/0.0.1-RC9/openhtmltopdf-jsoup-dom-converter-0.0.1-RC9.jar:/Users/simplypostuser/.m2/repository/com/vladsch/flexmark/flexmark-profile-pegdown/0.26.4/flexmark-profile-pegdown-0.26.4.jar:/Users/simplypostuser/.m2/repository/com/vladsch/flexmark/flexmark-util/0.26.4/flexmark-util-0.26.4.jar:/Users/simplypostuser/.m2/repository/com/vladsch/flexmark/flexmark-youtrack-converter/0.26.4/flexmark-youtrack-converter-0.26.4.jar:/Users/simplypostuser/.m2/repository/net/serenity-bdd/serenity-jira-plugin/1.1.3-rc.5/serenity-jira-plugin-1.1.3-rc.5.jar:/Users/simplypostuser/.m2/repository/org/glassfish/jersey/core/jersey-client/2.25.1/jersey-client-2.25.1.jar:/Users/simplypostuser/.m2/repository/org/glassfish/jersey/core/jersey-common/2.25.1/jersey-common-2.25.1.jar:/Users/simplypostuser/.m2/repository/javax/annotation/javax.annotation-api/1.2/javax.annotation-api-1.2.jar:/Users/simplypostuser/.m2/repository/org/glassfish/jersey/bundles/repackaged/jersey-guava/2.25.1/jersey-guava-2.25.1.jar:/Users/simplypostuser/.m2/repository/org/glassfish/hk2/osgi-resource-locator/1.0.1/osgi-resource-locator-1.0.1.jar:/Users/simplypostuser/.m2/repository/org/glassfish/hk2/hk2-api/2.5.0-b32/hk2-api-2.5.0-b32.jar:/Users/simplypostuser/.m2/repository/org/glassfish/hk2/hk2-utils/2.5.0-b32/hk2-utils-2.5.0-b32.jar:/Users/simplypostuser/.m2/repository/org/glassfish/hk2/external/aopalliance-repackaged/2.5.0-b32/aopalliance-repackaged-2.5.0-b32.jar:/Users/simplypostuser/.m2/repository/org/glassfish/hk2/external/javax.inject/2.5.0-b32/javax.inject-2.5.0-b32.jar:/Users/simplypostuser/.m2/repository/org/glassfish/hk2/hk2-locator/2.5.0-b32/hk2-locator-2.5.0-b32.jar:/Users/simplypostuser/.m2/repository/org/javassist/javassist/3.20.0-GA/javassist-3.20.0-GA.jar:/Users/simplypostuser/.m2/repository/javax/ws/rs/javax.ws.rs-api/2.0.1/javax.ws.rs-api-2.0.1.jar:/Users/simplypostuser/.m2/repository/net/serenity-bdd/maven/plugins/serenity-maven-plugin/1.9.30/serenity-maven-plugin-1.9.30.jar:/Users/simplypostuser/.m2/repository/org/apache/maven/maven-core/3.5.0/maven-core-3.5.0.jar:/Users/simplypostuser/.m2/repository/org/apache/maven/maven-model/3.5.0/maven-model-3.5.0.jar:/Users/simplypostuser/.m2/repository/org/apache/maven/maven-settings/3.5.0/maven-settings-3.5.0.jar:/Users/simplypostuser/.m2/repository/org/apache/maven/maven-settings-builder/3.5.0/maven-settings-builder-3.5.0.jar:/Users/simplypostuser/.m2/repository/org/apache/maven/maven-builder-support/3.5.0/maven-builder-support-3.5.0.jar:/Users/simplypostuser/.m2/repository/org/apache/maven/maven-repository-metadata/3.5.0/maven-repository-metadata-3.5.0.jar:/Users/simplypostuser/.m2/repository/org/apache/maven/maven-artifact/3.5.0/maven-artifact-3.5.0.jar:/Users/simplypostuser/.m2/repository/org/apache/maven/maven-model-builder/3.5.0/maven-model-builder-3.5.0.jar:/Users/simplypostuser/.m2/repository/org/apache/maven/maven-resolver-provider/3.5.0/maven-resolver-provider-3.5.0.jar:/Users/simplypostuser/.m2/repository/org/apache/maven/resolver/maven-resolver-impl/1.0.3/maven-resolver-impl-1.0.3.jar:/Users/simplypostuser/.m2/repository/org/apache/maven/resolver/maven-resolver-api/1.0.3/maven-resolver-api-1.0.3.jar:/Users/simplypostuser/.m2/repository/org/apache/maven/resolver/maven-resolver-spi/1.0.3/maven-resolver-spi-1.0.3.jar:/Users/simplypostuser/.m2/repository/org/apache/maven/resolver/maven-resolver-util/1.0.3/maven-resolver-util-1.0.3.jar:/Users/simplypostuser/.m2/repository/org/apache/maven/shared/maven-shared-utils/3.1.0/maven-shared-utils-3.1.0.jar:/Users/simplypostuser/.m2/repository/org/eclipse/sisu/org.eclipse.sisu.plexus/0.3.3/org.eclipse.sisu.plexus-0.3.3.jar:/Users/simplypostuser/.m2/repository/javax/enterprise/cdi-api/1.0/cdi-api-1.0.jar:/Users/simplypostuser/.m2/repository/javax/annotation/jsr250-api/1.0/jsr250-api-1.0.jar:/Users/simplypostuser/.m2/repository/org/eclipse/sisu/org.eclipse.sisu.inject/0.3.3/org.eclipse.sisu.inject-0.3.3.jar:/Users/simplypostuser/.m2/repository/org/codehaus/plexus/plexus-interpolation/1.24/plexus-interpolation-1.24.jar:/Users/simplypostuser/.m2/repository/org/codehaus/plexus/plexus-utils/3.0.24/plexus-utils-3.0.24.jar:/Users/simplypostuser/.m2/repository/org/codehaus/plexus/plexus-classworlds/2.5.2/plexus-classworlds-2.5.2.jar:/Users/simplypostuser/.m2/repository/org/codehaus/plexus/plexus-component-annotations/1.7.1/plexus-component-annotations-1.7.1.jar:/Users/simplypostuser/.m2/repository/org/sonatype/plexus/plexus-sec-dispatcher/1.4/plexus-sec-dispatcher-1.4.jar:/Users/simplypostuser/.m2/repository/org/sonatype/plexus/plexus-cipher/1.4/plexus-cipher-1.4.jar:/Users/simplypostuser/.m2/repository/org/apache/maven/maven-plugin-api/3.5.0/maven-plugin-api-3.5.0.jar:/Users/simplypostuser/.m2/repository/org/apache/maven/reporting/maven-reporting-api/3.0/maven-reporting-api-3.0.jar:/Users/simplypostuser/.m2/repository/org/apache/maven/doxia/doxia-sink-api/1.0/doxia-sink-api-1.0.jar:/Users/simplypostuser/.m2/repository/org/apache/maven/plugin-tools/maven-plugin-annotations/3.5/maven-plugin-annotations-3.5.jar:/Users/simplypostuser/.m2/repository/net/serenity-bdd/serenity-junit/1.9.31/serenity-junit-1.9.31.jar:/Users/simplypostuser/.m2/repository/org/hamcrest/hamcrest-junit/2.0.0.0/hamcrest-junit-2.0.0.0.jar:/Users/simplypostuser/.m2/repository/org/hamcrest/java-hamcrest/2.0.0.0/java-hamcrest-2.0.0.0.jar:/Users/simplypostuser/.m2/repository/com/shazam/shazamcrest/0.11/shazamcrest-0.11.jar:/Users/simplypostuser/.m2/repository/org/skyscreamer/jsonassert/1.2.3/jsonassert-1.2.3.jar:/Users/simplypostuser/.m2/repository/io/rest-assured/rest-assured/3.0.6/rest-assured-3.0.6.jar:/Users/simplypostuser/.m2/repository/org/codehaus/groovy/groovy-xml/2.4.12/groovy-xml-2.4.12.jar:/Users/simplypostuser/.m2/repository/org/ccil/cowan/tagsoup/tagsoup/1.2.1/tagsoup-1.2.1.jar:/Users/simplypostuser/.m2/repository/io/rest-assured/json-path/3.0.6/json-path-3.0.6.jar:/Users/simplypostuser/.m2/repository/io/rest-assured/rest-assured-common/3.0.6/rest-assured-common-3.0.6.jar:/Users/simplypostuser/.m2/repository/io/rest-assured/xml-path/3.0.6/xml-path-3.0.6.jar:/Users/simplypostuser/.m2/repository/javax/xml/bind/jaxb-api/2.2.12/jaxb-api-2.2.12.jar:/Users/simplypostuser/.m2/repository/com/jayway/restassured/json-schema-validator/2.9.0/json-schema-validator-2.9.0.jar:/Users/simplypostuser/.m2/repository/com/github/fge/json-schema-validator/2.2.6/json-schema-validator-2.2.6.jar:/Users/simplypostuser/.m2/repository/com/googlecode/libphonenumber/libphonenumber/6.2/libphonenumber-6.2.jar:/Users/simplypostuser/.m2/repository/com/github/fge/json-schema-core/1.2.5/json-schema-core-1.2.5.jar:/Users/simplypostuser/.m2/repository/com/github/fge/uri-template/0.9/uri-template-0.9.jar:/Users/simplypostuser/.m2/repository/com/github/fge/msg-simple/1.1/msg-simple-1.1.jar:/Users/simplypostuser/.m2/repository/com/github/fge/btf/1.2/btf-1.2.jar:/Users/simplypostuser/.m2/repository/com/github/fge/jackson-coreutils/1.8/jackson-coreutils-1.8.jar:/Users/simplypostuser/.m2/repository/org/mozilla/rhino/1.7R4/rhino-1.7R4.jar:/Users/simplypostuser/.m2/repository/javax/mail/mailapi/1.4.3/mailapi-1.4.3.jar:/Users/simplypostuser/.m2/repository/net/sf/jopt-simple/jopt-simple/4.6/jopt-simple-4.6.jar:/Users/simplypostuser/.m2/repository/com/jayway/jsonpath/json-path/2.4.0/json-path-2.4.0.jar:/Users/simplypostuser/.m2/repository/net/minidev/json-smart/2.3/json-smart-2.3.jar:/Users/simplypostuser/.m2/repository/net/minidev/accessors-smart/1.2/accessors-smart-1.2.jar:/Users/simplypostuser/.m2/repository/org/assertj/assertj-core/3.8.0/assertj-core-3.8.0.jar:/Users/simplypostuser/.m2/repository/org/mockito/mockito-core/2.8.47/mockito-core-2.8.47.jar:/Users/simplypostuser/.m2/repository/net/bytebuddy/byte-buddy-agent/1.6.14/byte-buddy-agent-1.6.14.jar:/Users/simplypostuser/.m2/repository/org/inferred/freebuilder/1.14.1/freebuilder-1.14.1.jar:/Users/simplypostuser/.m2/repository/net/serenity-bdd/serenity-rest-assured/1.9.31/serenity-rest-assured-1.9.31.jar:/Users/simplypostuser/.m2/repository/org/codehaus/groovy/groovy-json/2.4.12/groovy-json-2.4.12.jar:/Users/simplypostuser/.m2/repository/net/serenity-bdd/serenity-jira-requirements-provider/1.1.3-rc.5/serenity-jira-requirements-provider-1.1.3-rc.5.jar:/Users/simplypostuser/.m2/repository/com/google/guava/guava/23.0/guava-23.0.jar:/Users/simplypostuser/.m2/repository/com/google/code/findbugs/jsr305/1.3.9/jsr305-1.3.9.jar:/Users/simplypostuser/.m2/repository/com/google/errorprone/error_prone_annotations/2.0.18/error_prone_annotations-2.0.18.jar:/Users/simplypostuser/.m2/repository/com/google/j2objc/j2objc-annotations/1.1/j2objc-annotations-1.1.jar:/Users/simplypostuser/.m2/repository/org/codehaus/mojo/animal-sniffer-annotations/1.14/animal-sniffer-annotations-1.14.jar:/Users/simplypostuser/.m2/repository/org/slf4j/slf4j-simple/1.7.12/slf4j-simple-1.7.12.jar:/Users/simplypostuser/.m2/repository/org/codehaus/groovy/groovy-all/2.4.3/groovy-all-2.4.3.jar:/Users/simplypostuser/.m2/repository/junit/junit/4.12/junit-4.12.jar:/Users/simplypostuser/.m2/repository/com/googlecode/lambdaj/lambdaj/2.3.3/lambdaj-2.3.3.jar:/Users/simplypostuser/.m2/repository/org/hamcrest/hamcrest-all/1.1/hamcrest-all-1.1.jar:/Users/simplypostuser/.m2/repository/cglib/cglib-nodep/2.2/cglib-nodep-2.2.jar:/Users/simplypostuser/.m2/repository/com/jcraft/jsch/0.1.31/jsch-0.1.31.jar:/Users/simplypostuser/.m2/repository/xml-apis/xml-apis/1.4.01/xml-apis-1.4.01.jar:/Users/simplypostuser/.m2/repository/org/apache/poi/poi-ooxml/3.9/poi-ooxml-3.9.jar:/Users/simplypostuser/.m2/repository/org/apache/poi/poi/3.9/poi-3.9.jar:/Users/simplypostuser/.m2/repository/org/apache/poi/poi-ooxml-schemas/3.9/poi-ooxml-schemas-3.9.jar:/Users/simplypostuser/.m2/repository/org/apache/xmlbeans/xmlbeans/2.3.0/xmlbeans-2.3.0.jar:/Users/simplypostuser/.m2/repository/stax/stax-api/1.0.1/stax-api-1.0.1.jar:/Users/simplypostuser/.m2/repository/dom4j/dom4j/1.6.1/dom4j-1.6.1.jar:/Users/simplypostuser/.m2/repository/net/sourceforge/jexcelapi/jxl/2.6/jxl-2.6.jar:/Users/simplypostuser/.m2/repository/joda-time/joda-time/2.9/joda-time-2.9.jar:/Users/simplypostuser/.m2/repository/javax/mail/mail/1.4/mail-1.4.jar:/Users/simplypostuser/.m2/repository/javax/activation/activation/1.1/activation-1.1.jar:/Users/simplypostuser/.m2/repository/com/googlecode/json-simple/json-simple/1.1.1/json-simple-1.1.1.jar:/Users/simplypostuser/.m2/repository/org/json/json/20160212/json-20160212.jar:/Users/simplypostuser/.m2/repository/com/applitools/eyes-selenium-java3/3.29/eyes-selenium-java3-3.29.jar:/Users/simplypostuser/.m2/repository/com/applitools/eyes-common-java3/3.29/eyes-common-java3-3.29.jar:/Users/simplypostuser/.m2/repository/com/applitools/eyes-sdk-core-java3/3.29/eyes-sdk-core-java3-3.29.jar:/Users/simplypostuser/.m2/repository/com/applitools/eyes-connectivity-java3-jersey2x/3.29/eyes-connectivity-java3-jersey2x-3.29.jar:/Users/simplypostuser/.m2/repository/org/glassfish/jersey/connectors/jersey-apache-connector/2.16/jersey-apache-connector-2.16.jar:/Users/simplypostuser/.m2/repository/org/mongodb/mongo-java-driver/3.6.3/mongo-java-driver-3.6.3.jar:/Users/simplypostuser/.m2/repository/com/fasterxml/jackson/core/jackson-databind/2.7.3/jackson-databind-2.7.3.jar:/Users/simplypostuser/.m2/repository/com/fasterxml/jackson/core/jackson-annotations/2.7.0/jackson-annotations-2.7.0.jar:/Users/simplypostuser/.m2/repository/com/fasterxml/jackson/core/jackson-core/2.7.3/jackson-core-2.7.3.jar:/Users/simplypostuser/.m2/repository/com/fasterxml/jackson/dataformat/jackson-dataformat-xml/2.6.3/jackson-dataformat-xml-2.6.3.jar:/Users/simplypostuser/.m2/repository/com/fasterxml/jackson/module/jackson-module-jaxb-annotations/2.6.3/jackson-module-jaxb-annotations-2.6.3.jar:/Users/simplypostuser/.m2/repository/org/codehaus/woodstox/stax2-api/3.1.4/stax2-api-3.1.4.jar:/Users/simplypostuser/.m2/repository/org/apache/pdfbox/pdfbox/2.0.11/pdfbox-2.0.11.jar:/Users/simplypostuser/.m2/repository/org/apache/pdfbox/fontbox/2.0.11/fontbox-2.0.11.jar:"/>
    <property name="maven.conf" value="/Users/simplypostuser/Documents/Automation/Setup/apache-maven-3.5.2/conf"/>
    <property name="java.specification.name" value="Java Platform API Specification"/>
    <property name="java.class.version" value="52.0"/>
    <property name="sun.management.compiler" value="HotSpot 64-Bit Tiered Compilers"/>
    <property name="os.version" value="10.11.6"/>
    <property name="http.nonProxyHosts" value="local|*.local|169.254/16|*.169.254/16"/>
    <property name="library.jansi.path" value="/Users/simplypostuser/Documents/Automation/Setup/apache-maven-3.5.2/lib/jansi-native"/>
    <property name="user.home" value="/Users/simplypostuser"/>
    <property name="tags" value="Feature:Login"/>
    <property name="user.timezone" value="Asia/Singapore"/>
    <property name="java.awt.printerjob" value="sun.lwawt.macosx.CPrinterJob"/>
    <property name="java.specification.version" value="1.8"/>
    <property name="file.encoding" value="UTF-8"/>
    <property name="user.name" value="cuong.nguyen"/>
    <property name="java.class.path" value="/Users/simplypostuser/Documents/Automation/Setup/apache-maven-3.5.2/boot/plexus-classworlds-2.5.2.jar"/>
    <property name="java.vm.specification.version" value="1.8"/>
    <property name="sun.arch.data.model" value="64"/>
    <property name="java.home" value="/Library/Java/JavaVirtualMachines/jdk1.8.0_144.jdk/Contents/Home/jre"/>
    <property name="sun.java.command" value="org.codehaus.plexus.classworlds.launcher.Launcher clean verify -Dtags=Feature:Login"/>
    <property name="java.specification.vendor" value="Oracle Corporation"/>
    <property name="user.language" value="en"/>
    <property name="awt.toolkit" value="sun.lwawt.macosx.LWCToolkit"/>
    <property name="java.vm.info" value="mixed mode"/>
    <property name="java.version" value="1.8.0_144"/>
    <property name="java.ext.dirs" value="/Users/simplypostuser/Library/Java/Extensions:/Library/Java/JavaVirtualMachines/jdk1.8.0_144.jdk/Contents/Home/jre/lib/ext:/Library/Java/Extensions:/Network/Library/Java/Extensions:/System/Library/Java/Extensions:/usr/lib/java"/>
    <property name="sun.boot.class.path" value="/Library/Java/JavaVirtualMachines/jdk1.8.0_144.jdk/Contents/Home/jre/lib/resources.jar:/Library/Java/JavaVirtualMachines/jdk1.8.0_144.jdk/Contents/Home/jre/lib/rt.jar:/Library/Java/JavaVirtualMachines/jdk1.8.0_144.jdk/Contents/Home/jre/lib/sunrsasign.jar:/Library/Java/JavaVirtualMachines/jdk1.8.0_144.jdk/Contents/Home/jre/lib/jsse.jar:/Library/Java/JavaVirtualMachines/jdk1.8.0_144.jdk/Contents/Home/jre/lib/jce.jar:/Library/Java/JavaVirtualMachines/jdk1.8.0_144.jdk/Contents/Home/jre/lib/charsets.jar:/Library/Java/JavaVirtualMachines/jdk1.8.0_144.jdk/Contents/Home/jre/lib/jfr.jar:/Library/Java/JavaVirtualMachines/jdk1.8.0_144.jdk/Contents/Home/jre/classes"/>
    <property name="webdriver.chrome.driver" value="/Users/simplypostuser/Documents/Automation/Simplypost/logistic/drivers/chromedriver"/>
    <property name="java.vendor" value="Oracle Corporation"/>
    <property name="maven.home" value="/Users/simplypostuser/Documents/Automation/Setup/apache-maven-3.5.2"/>
    <property name="localRepository" value="/Users/simplypostuser/.m2/repository"/>
    <property name="file.separator" value="/"/>
    <property name="java.vendor.url.bug" value="http://bugreport.sun.com/bugreport/"/>
    <property name="sun.cpu.endian" value="little"/>
    <property name="sun.io.unicode.encoding" value="UnicodeBig"/>
    <property name="socksNonProxyHosts" value="local|*.local|169.254/16|*.169.254/16"/>
    <property name="ftp.nonProxyHosts" value="local|*.local|169.254/16|*.169.254/16"/>
    <property name="sun.cpu.isalist" value=""/>
  </properties>
  <testcase name="verifyAdminCanloginHomePageSuccessfully" classname="com.simplypost.logistic.features.web.adminPortal.login.LoginFeatures" time="14.077"/>
</testsuite>